<?xml version="1.0" encoding="UTF-8" ?>
<testsuite tests="8" failures="0" name="maven.testing.MavenTest" time="0.018" errors="0" skipped="0">
  <properties>
[...]
</properties>
  <testcase classname="Scenario: See if isEven function returns true if a number is even" name="Given Use isEven function to get boolean value of true" time="0.008"/>
  <testcase classname="Scenario: See if isEven function returns true if a number is even" name="When I pass even number 4 to isEven function" time="0.006"/>
  <testcase classname="Scenario: See if isEven function returns true if a number is even" name="Then The result is true" time="0"/>
  <testcase classname="Scenario: See if isEven function returns true if a number is even" name="Scenario: See if isEven function returns true if a number is even" time="0.002"/>
  <testcase classname="Scenario: See if isEven function returns false if a number is false" name="Given Use isEven function to get boolean value of false" time="0.001"/>
  <testcase classname="Scenario: See if isEven function returns false if a number is false" name="When I pass odd number 5 to isEven function" time="0"/>
  <testcase classname="Scenario: See if isEven function returns false if a number is false" name="Then The result is false" time="0"/>
  <testcase classname="Scenario: See if isEven function returns false if a number is false" name="Scenario: See if isEven function returns false if a number is false" time="0.001"/>
</testsuite>